2020-01-27 00:03:58.7680|WARN|Microsoft.EntityFrameworkCore.Infrastructure|'AddEntityFramework*' was called on the service provider, but 'UseInternalServiceProvider' wasn't called in the DbContext options configuration. Remove the 'AddEntityFramework*' call as in most cases it's not needed and might cause conflicts with other products and services registered in the same service provider.
2020-01-27 00:07:11.7940|INFO|AuthAPI.App.Program|AuthAPI has been built at 01/26/2020 23:07:11
2020-01-27 00:07:12.2031|INFO|Microsoft.Hosting.Lifetime|Application started. Press Ctrl+C to shut down.
2020-01-27 00:07:12.2031|INFO|Microsoft.Hosting.Lifetime|Hosting environment: Development
2020-01-27 00:07:12.2031|INFO|Microsoft.Hosting.Lifetime|Content root path: C:\Users\stmih\Desktop\lustars-microservices\AuthAPI\AuthAPI.App
2020-01-27 00:07:32.0869|INFO|AuthAPI.App.Program|AuthAPI has been built at 01/26/2020 23:07:32
2020-01-27 00:07:32.3732|INFO|Microsoft.Hosting.Lifetime|Application started. Press Ctrl+C to shut down.
2020-01-27 00:07:32.3732|INFO|Microsoft.Hosting.Lifetime|Hosting environment: Development
2020-01-27 00:07:32.3859|INFO|Microsoft.Hosting.Lifetime|Content root path: C:\Users\stmih\Desktop\lustars-microservices\AuthAPI\AuthAPI.App
2020-01-27 00:14:48.3049|WARN|Microsoft.AspNetCore.HttpsPolicy.HttpsRedirectionMiddleware|Failed to determine the https port for redirect.
2020-01-27 00:20:55.3851|INFO|AuthAPI.App.Program|AuthAPI has been built at 01/26/2020 23:20:55
2020-01-27 00:20:56.8337|INFO|Microsoft.Hosting.Lifetime|Application started. Press Ctrl+C to shut down.
2020-01-27 00:20:56.8664|INFO|Microsoft.Hosting.Lifetime|Hosting environment: Development
2020-01-27 00:20:56.8814|INFO|Microsoft.Hosting.Lifetime|Content root path: C:\Users\stmih\Desktop\lustars-microservices\AuthAPI\AuthAPI.App
2020-01-27 00:21:42.2959|WARN|Microsoft.AspNetCore.HttpsPolicy.HttpsRedirectionMiddleware|Failed to determine the https port for redirect.
2020-01-27 00:22:40.2502|WARN|Microsoft.EntityFrameworkCore.Infrastructure|'AddEntityFramework*' was called on the service provider, but 'UseInternalServiceProvider' wasn't called in the DbContext options configuration. Remove the 'AddEntityFramework*' call as in most cases it's not needed and might cause conflicts with other products and services registered in the same service provider.
2020-01-27 00:22:55.2177|ERROR|Microsoft.EntityFrameworkCore.Database.Connection|An error occurred using the connection to database 'LustarsAuthDB' on server 'tcp://127.0.0.1:5432'.
2020-01-27 00:22:55.2920|ERROR|Microsoft.EntityFrameworkCore.Query|An exception occurred while iterating over the results of a query for context type 'AuthAPI.Data.Context.AuthDBContext'.
System.InvalidOperationException: An exception has been raised that is likely due to a transient failure.
 ---> Npgsql.NpgsqlException (0x80004005): Exception while connecting
 ---> System.Net.Sockets.SocketException (10061): No connection could be made because the target machine actively refused it.
   at Npgsql.NpgsqlConnector.Connect(NpgsqlTimeout timeout)
   at Npgsql.NpgsqlConnector.Connect(NpgsqlTimeout timeout)
   at Npgsql.NpgsqlConnector.RawOpen(NpgsqlTimeout timeout, Boolean async, CancellationToken cancellationToken)
   at Npgsql.NpgsqlConnector.Open(NpgsqlTimeout timeout, Boolean async, CancellationToken cancellationToken)
   at Npgsql.ConnectorPool.AllocateLong(NpgsqlConnection conn, NpgsqlTimeout timeout, Boolean async, CancellationToken cancellationToken)
   at Npgsql.NpgsqlConnection.<>c__DisplayClass32_0.<<Open>g__OpenLong|0>d.MoveNext()
--- End of stack trace from previous location where exception was thrown ---
   at Npgsql.NpgsqlConnection.Open()
   at Microsoft.EntityFrameworkCore.Storage.RelationalConnection.OpenDbConnection(Boolean errorsExpected)
   at Microsoft.EntityFrameworkCore.Storage.RelationalConnection.Open(Boolean errorsExpected)
   at Microsoft.EntityFrameworkCore.Storage.RelationalCommand.ExecuteReader(RelationalCommandParameterObject parameterObject)
   at Microsoft.EntityFrameworkCore.Query.Internal.QueryingEnumerable`1.Enumerator.InitializeReader(DbContext _, Boolean result)
   at Npgsql.EntityFrameworkCore.PostgreSQL.Storage.Internal.NpgsqlExecutionStrategy.Execute[TState,TResult](TState state, Func`3 operation, Func`3 verifySucceeded)
   --- End of inner exception stack trace ---
   at Npgsql.EntityFrameworkCore.PostgreSQL.Storage.Internal.NpgsqlExecutionStrategy.Execute[TState,TResult](TState state, Func`3 operation, Func`3 verifySucceeded)
   at Microsoft.EntityFrameworkCore.Query.Internal.QueryingEnumerable`1.Enumerator.MoveNext()
2020-01-27 00:23:01.6190|ERROR|Microsoft.EntityFrameworkCore.Database.Connection|An error occurred using the connection to database 'LustarsAuthDB' on server 'tcp://127.0.0.1:5432'.
2020-01-27 00:23:01.6553|ERROR|Microsoft.EntityFrameworkCore.Update|An exception occurred in the database while saving changes for context type 'AuthAPI.Data.Context.AuthDBContext'.
System.InvalidOperationException: An exception has been raised that is likely due to a transient failure.
 ---> Npgsql.NpgsqlException (0x80004005): Exception while connecting
 ---> System.Net.Sockets.SocketException (10061): No connection could be made because the target machine actively refused it.
   at Npgsql.NpgsqlConnector.Connect(NpgsqlTimeout timeout)
   at Npgsql.NpgsqlConnector.Connect(NpgsqlTimeout timeout)
   at Npgsql.NpgsqlConnector.RawOpen(NpgsqlTimeout timeout, Boolean async, CancellationToken cancellationToken)
   at Npgsql.NpgsqlConnector.Open(NpgsqlTimeout timeout, Boolean async, CancellationToken cancellationToken)
   at Npgsql.ConnectorPool.AllocateLong(NpgsqlConnection conn, NpgsqlTimeout timeout, Boolean async, CancellationToken cancellationToken)
   at Npgsql.NpgsqlConnection.<>c__DisplayClass32_0.<<Open>g__OpenLong|0>d.MoveNext()
--- End of stack trace from previous location where exception was thrown ---
   at Npgsql.NpgsqlConnection.Open()
   at Microsoft.EntityFrameworkCore.Storage.RelationalConnection.OpenDbConnection(Boolean errorsExpected)
   at Microsoft.EntityFrameworkCore.Storage.RelationalConnection.Open(Boolean errorsExpected)
   at Microsoft.EntityFrameworkCore.Storage.RelationalConnection.BeginTransaction(IsolationLevel isolationLevel)
   at Microsoft.EntityFrameworkCore.Storage.RelationalConnection.BeginTransaction()
   at Microsoft.EntityFrameworkCore.Update.Internal.BatchExecutor.Execute(IEnumerable`1 commandBatches, IRelationalConnection connection)
   at Microsoft.EntityFrameworkCore.Storage.RelationalDatabase.SaveChanges(IList`1 entries)
   at Microsoft.EntityFrameworkCore.ChangeTracking.Internal.StateManager.SaveChanges(IList`1 entriesToSave)
   at Microsoft.EntityFrameworkCore.ChangeTracking.Internal.StateManager.SaveChanges(DbContext _, Boolean acceptAllChangesOnSuccess)
   at Npgsql.EntityFrameworkCore.PostgreSQL.Storage.Internal.NpgsqlExecutionStrategy.Execute[TState,TResult](TState state, Func`3 operation, Func`3 verifySucceeded)
   --- End of inner exception stack trace ---
   at Npgsql.EntityFrameworkCore.PostgreSQL.Storage.Internal.NpgsqlExecutionStrategy.Execute[TState,TResult](TState state, Func`3 operation, Func`3 verifySucceeded)
   at Microsoft.EntityFrameworkCore.ChangeTracking.Internal.StateManager.SaveChanges(Boolean acceptAllChangesOnSuccess)
   at Microsoft.EntityFrameworkCore.DbContext.SaveChanges(Boolean acceptAllChangesOnSuccess)
2020-01-27 00:23:05.2180|ERROR|AuthAPI.App.Controllers.AccountController|Error on registration token has been not returned
2020-01-27 00:23:50.5273|ERROR|Microsoft.EntityFrameworkCore.Database.Connection|An error occurred using the connection to database 'LustarsAuthDB' on server 'tcp://127.0.0.1:5432'.
2020-01-27 00:23:50.5656|ERROR|Microsoft.EntityFrameworkCore.Query|An exception occurred while iterating over the results of a query for context type 'AuthAPI.Data.Context.AuthDBContext'.
System.InvalidOperationException: An exception has been raised that is likely due to a transient failure.
 ---> Npgsql.NpgsqlException (0x80004005): Exception while connecting
 ---> System.Net.Sockets.SocketException (10061): No connection could be made because the target machine actively refused it.
   at Npgsql.NpgsqlConnector.Connect(NpgsqlTimeout timeout)
   at Npgsql.NpgsqlConnector.Connect(NpgsqlTimeout timeout)
   at Npgsql.NpgsqlConnector.RawOpen(NpgsqlTimeout timeout, Boolean async, CancellationToken cancellationToken)
   at Npgsql.NpgsqlConnector.Open(NpgsqlTimeout timeout, Boolean async, CancellationToken cancellationToken)
   at Npgsql.ConnectorPool.AllocateLong(NpgsqlConnection conn, NpgsqlTimeout timeout, Boolean async, CancellationToken cancellationToken)
   at Npgsql.NpgsqlConnection.<>c__DisplayClass32_0.<<Open>g__OpenLong|0>d.MoveNext()
--- End of stack trace from previous location where exception was thrown ---
   at Npgsql.NpgsqlConnection.Open()
   at Microsoft.EntityFrameworkCore.Storage.RelationalConnection.OpenDbConnection(Boolean errorsExpected)
   at Microsoft.EntityFrameworkCore.Storage.RelationalConnection.Open(Boolean errorsExpected)
   at Microsoft.EntityFrameworkCore.Storage.RelationalCommand.ExecuteReader(RelationalCommandParameterObject parameterObject)
   at Microsoft.EntityFrameworkCore.Query.Internal.QueryingEnumerable`1.Enumerator.InitializeReader(DbContext _, Boolean result)
   at Npgsql.EntityFrameworkCore.PostgreSQL.Storage.Internal.NpgsqlExecutionStrategy.Execute[TState,TResult](TState state, Func`3 operation, Func`3 verifySucceeded)
   --- End of inner exception stack trace ---
   at Npgsql.EntityFrameworkCore.PostgreSQL.Storage.Internal.NpgsqlExecutionStrategy.Execute[TState,TResult](TState state, Func`3 operation, Func`3 verifySucceeded)
   at Microsoft.EntityFrameworkCore.Query.Internal.QueryingEnumerable`1.Enumerator.MoveNext()
2020-01-27 00:24:19.9274|ERROR|Microsoft.EntityFrameworkCore.Database.Connection|An error occurred using the connection to database 'LustarsAuthDB' on server 'tcp://127.0.0.1:5432'.
2020-01-27 00:24:19.9569|ERROR|Microsoft.EntityFrameworkCore.Update|An exception occurred in the database while saving changes for context type 'AuthAPI.Data.Context.AuthDBContext'.
System.InvalidOperationException: An exception has been raised that is likely due to a transient failure.
 ---> Npgsql.NpgsqlException (0x80004005): Exception while connecting
 ---> System.Net.Sockets.SocketException (10061): No connection could be made because the target machine actively refused it.
   at Npgsql.NpgsqlConnector.Connect(NpgsqlTimeout timeout)
   at Npgsql.NpgsqlConnector.Connect(NpgsqlTimeout timeout)
   at Npgsql.NpgsqlConnector.RawOpen(NpgsqlTimeout timeout, Boolean async, CancellationToken cancellationToken)
   at Npgsql.NpgsqlConnector.Open(NpgsqlTimeout timeout, Boolean async, CancellationToken cancellationToken)
   at Npgsql.ConnectorPool.AllocateLong(NpgsqlConnection conn, NpgsqlTimeout timeout, Boolean async, CancellationToken cancellationToken)
   at Npgsql.NpgsqlConnection.<>c__DisplayClass32_0.<<Open>g__OpenLong|0>d.MoveNext()
--- End of stack trace from previous location where exception was thrown ---
   at Npgsql.NpgsqlConnection.Open()
   at Microsoft.EntityFrameworkCore.Storage.RelationalConnection.OpenDbConnection(Boolean errorsExpected)
   at Microsoft.EntityFrameworkCore.Storage.RelationalConnection.Open(Boolean errorsExpected)
   at Microsoft.EntityFrameworkCore.Storage.RelationalConnection.BeginTransaction(IsolationLevel isolationLevel)
   at Microsoft.EntityFrameworkCore.Storage.RelationalConnection.BeginTransaction()
   at Microsoft.EntityFrameworkCore.Update.Internal.BatchExecutor.Execute(IEnumerable`1 commandBatches, IRelationalConnection connection)
   at Microsoft.EntityFrameworkCore.Storage.RelationalDatabase.SaveChanges(IList`1 entries)
   at Microsoft.EntityFrameworkCore.ChangeTracking.Internal.StateManager.SaveChanges(IList`1 entriesToSave)
   at Microsoft.EntityFrameworkCore.ChangeTracking.Internal.StateManager.SaveChanges(DbContext _, Boolean acceptAllChangesOnSuccess)
   at Npgsql.EntityFrameworkCore.PostgreSQL.Storage.Internal.NpgsqlExecutionStrategy.Execute[TState,TResult](TState state, Func`3 operation, Func`3 verifySucceeded)
   --- End of inner exception stack trace ---
   at Npgsql.EntityFrameworkCore.PostgreSQL.Storage.Internal.NpgsqlExecutionStrategy.Execute[TState,TResult](TState state, Func`3 operation, Func`3 verifySucceeded)
   at Microsoft.EntityFrameworkCore.ChangeTracking.Internal.StateManager.SaveChanges(Boolean acceptAllChangesOnSuccess)
   at Microsoft.EntityFrameworkCore.DbContext.SaveChanges(Boolean acceptAllChangesOnSuccess)
2020-01-27 00:24:34.9026|ERROR|AuthAPI.App.Controllers.AccountController|Error on registration token has been not returned
2020-01-27 00:25:16.8727|INFO|AuthAPI.App.Controllers.AccountController|User has been registered! 01/26/2020 23:25:16
2020-01-27 00:25:44.6180|INFO|AuthAPI.App.Controllers.AccountController|User has been registered! 01/26/2020 23:25:44
2020-01-27 22:51:32.0303|INFO|AuthAPI.App.Program|AuthAPI has been built at 01/27/2020 21:51:32
2020-01-27 22:51:32.5751|INFO|Microsoft.Hosting.Lifetime|Application started. Press Ctrl+C to shut down.
2020-01-27 22:51:32.5751|INFO|Microsoft.Hosting.Lifetime|Hosting environment: Development
2020-01-27 22:51:32.5751|INFO|Microsoft.Hosting.Lifetime|Content root path: C:\Users\stmih\Desktop\lustars-microservices\AuthAPI\AuthAPI.App
2020-01-27 22:54:26.6390|INFO|AuthAPI.App.Program|AuthAPI has been built at 01/27/2020 21:54:26
2020-01-27 22:54:26.9057|INFO|Microsoft.Hosting.Lifetime|Application started. Press Ctrl+C to shut down.
2020-01-27 22:54:26.9201|INFO|Microsoft.Hosting.Lifetime|Hosting environment: Development
2020-01-27 22:54:26.9201|INFO|Microsoft.Hosting.Lifetime|Content root path: C:\Users\stmih\Desktop\lustars-microservices\AuthAPI\AuthAPI.App
2020-01-27 22:55:27.9431|WARN|Microsoft.AspNetCore.HttpsPolicy.HttpsRedirectionMiddleware|Failed to determine the https port for redirect.
2020-01-27 23:13:16.7691|INFO|AuthAPI.App.Program|AuthAPI has been built at 01/27/2020 22:13:16
2020-01-27 23:13:17.1525|INFO|Microsoft.Hosting.Lifetime|Application started. Press Ctrl+C to shut down.
2020-01-27 23:13:17.1525|INFO|Microsoft.Hosting.Lifetime|Hosting environment: Development
2020-01-27 23:13:17.1646|INFO|Microsoft.Hosting.Lifetime|Content root path: C:\Users\stmih\Desktop\lustars-microservices\AuthAPI\AuthAPI.App
2020-01-27 23:14:21.8416|WARN|Microsoft.AspNetCore.HttpsPolicy.HttpsRedirectionMiddleware|Failed to determine the https port for redirect.
2020-01-27 23:14:22.0421|WARN|Microsoft.EntityFrameworkCore.Infrastructure|'AddEntityFramework*' was called on the service provider, but 'UseInternalServiceProvider' wasn't called in the DbContext options configuration. Remove the 'AddEntityFramework*' call as in most cases it's not needed and might cause conflicts with other products and services registered in the same service provider.
2020-01-27 23:14:48.9964|ERROR|AuthAPI.App.Controllers.AccountController|registration fail the user already exist
2020-01-27 23:17:06.5148|ERROR|AuthAPI.App.Controllers.AccountController|registration fail the user already exist
2020-01-27 23:23:27.3366|INFO|AuthAPI.App.Controllers.AccountController|User has been registered! 01/27/2020 22:23:27
2020-01-27 23:25:43.4913|ERROR|AuthAPI.App.Controllers.AccountController|registration fail the user already exist
2020-01-27 23:26:11.5493|ERROR|AuthAPI.App.Controllers.AccountController|registration fail the user already exist
2020-01-27 23:29:14.5985|ERROR|AuthAPI.App.Controllers.AccountController|registration fail the user already exist
2020-01-27 23:31:50.1796|ERROR|AuthAPI.App.Controllers.AccountController|registration fail the user already exist
2020-01-27 23:36:16.9409|ERROR|AuthAPI.App.Controllers.AccountController|registration fail the user already exist
2020-01-27 23:47:09.6488|INFO|AuthAPI.App.Program|AuthAPI has been built at 01/27/2020 22:47:09
2020-01-27 23:47:10.1605|INFO|Microsoft.Hosting.Lifetime|Application started. Press Ctrl+C to shut down.
2020-01-27 23:47:10.1712|INFO|Microsoft.Hosting.Lifetime|Hosting environment: Development
2020-01-27 23:47:10.1814|INFO|Microsoft.Hosting.Lifetime|Content root path: C:\Users\stmih\Desktop\lustars-microservices\AuthAPI\AuthAPI.App
2020-01-27 23:47:19.8674|WARN|Microsoft.AspNetCore.HttpsPolicy.HttpsRedirectionMiddleware|Failed to determine the https port for redirect.
2020-01-27 23:47:20.0627|WARN|Microsoft.EntityFrameworkCore.Infrastructure|'AddEntityFramework*' was called on the service provider, but 'UseInternalServiceProvider' wasn't called in the DbContext options configuration. Remove the 'AddEntityFramework*' call as in most cases it's not needed and might cause conflicts with other products and services registered in the same service provider.
2020-01-27 23:47:22.3480|ERROR|AuthAPI.App.Controllers.AccountController|registration fail the user already exist
2020-01-27 23:47:46.4959|ERROR|AuthAPI.App.Controllers.AccountController|registration fail the user already exist
2020-01-27 23:52:57.5408|ERROR|AuthAPI.App.Controllers.AccountController|registration fail the user already exist
